<?xml version="1.0" encoding="UTF-8"?>
<!-- Generated by org.testng.reporters.JUnitReportReporter -->
<testsuite hostname="DESKTOP-FP075KF" failures="0" tests="4" name="testRunners.TestNGRunner" time="126.259" errors="0" timestamp="2021-08-25T19:28:44 IST" skipped="0">
  <testcase classname="testRunners.TestNGRunner" name="runTest3" time="14.292"/>
  <system-out/>
  <testcase classname="testRunners.TestNGRunner" name="runTest2" time="32.091"/>
  <system-out/>
  <testcase classname="testRunners.TestNGRunner" name="runTest4" time="34.367"/>
  <system-out/>
  <testcase classname="testRunners.TestNGRunner" name="runTest1" time="45.509"/>
  <system-out/>
</testsuite> <!-- testRunners.TestNGRunner -->
